7    [pool-3-thread-1] ERROR com.thoughtworks.twist.remote  - Unable to record scenario [/Users/Raman/workspace/DontPanic/scenarios/Login.scn]
org.springframework.beans.factory.BeanCreationException: Error creating bean with name 'sahiDriverFactory' defined in class path resource [applicationContext-suite.xml]: Invocation of init method failed; nested exception is java.lang.RuntimeException: Sahi Proxy server is not starting
	at org.springframework.beans.factory.support.AbstractAutowireCapableBeanFactory.initializeBean(AbstractAutowireCapableBeanFactory.java:1455)
	at org.springframework.beans.factory.support.AbstractAutowireCapableBeanFactory.doCreateBean(AbstractAutowireCapableBeanFactory.java:519)
	at org.springframework.beans.factory.support.AbstractAutowireCapableBeanFactory.createBean(AbstractAutowireCapableBeanFactory.java:456)
	at org.springframework.beans.factory.support.AbstractBeanFactory$1.getObject(AbstractBeanFactory.java:294)
	at org.springframework.beans.factory.support.DefaultSingletonBeanRegistry.getSingleton(DefaultSingletonBeanRegistry.java:225)
	at org.springframework.beans.factory.support.AbstractBeanFactory.doGetBean(AbstractBeanFactory.java:291)
	at org.springframework.beans.factory.support.AbstractBeanFactory.getBean(AbstractBeanFactory.java:193)
	at org.springframework.beans.factory.support.ConstructorResolver.instantiateUsingFactoryMethod(ConstructorResolver.java:353)
	at org.springframework.beans.factory.support.AbstractAutowireCapableBeanFactory.instantiateUsingFactoryMethod(AbstractAutowireCapableBeanFactory.java:1015)
	at org.springframework.beans.factory.support.AbstractAutowireCapableBeanFactory.createBeanInstance(AbstractAutowireCapableBeanFactory.java:911)
	at org.springframework.beans.factory.support.AbstractAutowireCapableBeanFactory.doCreateBean(AbstractAutowireCapableBeanFactory.java:485)
	at org.springframework.beans.factory.support.AbstractAutowireCapableBeanFactory.createBean(AbstractAutowireCapableBeanFactory.java:456)
	at org.springframework.beans.factory.support.AbstractBeanFactory.doGetBean(AbstractBeanFactory.java:313)
	at org.springframework.beans.factory.support.AbstractBeanFactory.getBean(AbstractBeanFactory.java:197)
	at org.springframework.beans.factory.support.AbstractBeanFactory.doGetBean(AbstractBeanFactory.java:269)
	at org.springframework.beans.factory.support.AbstractBeanFactory.getBean(AbstractBeanFactory.java:197)
	at org.springframework.beans.factory.support.AbstractBeanFactory.doGetBean(AbstractBeanFactory.java:269)
	at org.springframework.beans.factory.support.AbstractBeanFactory.getBean(AbstractBeanFactory.java:193)
	at org.springframework.context.support.AbstractApplicationContext.getBean(AbstractApplicationContext.java:1093)
	at com.thoughtworks.twist.core.container.SpringContainer.bean(SpringContainer.java:70)
	at com.thoughtworks.twist.messaging.service.remote.DefaultRemoteProcessService.initializeDriverForRecording(DefaultRemoteProcessService.java:175)
	at com.thoughtworks.twist.messaging.service.remote.DefaultRemoteProcessService.recordScenario(DefaultRemoteProcessService.java:111)
	at com.thoughtworks.twist.messaging.event.RecordScenarioAcknowledgement.execute(RecordScenarioAcknowledgement.java:35)
	at com.thoughtworks.twist.messaging.event.RecordScenarioAcknowledgement.execute(RecordScenarioAcknowledgement.java:1)
	at com.thoughtworks.twist.messaging.event.AbstractEvent.execute(AbstractEvent.java:30)
	at com.thoughtworks.twist.messaging.RemoteSession.messageReceived(RemoteSession.java:85)
	at org.apache.mina.common.DefaultIoFilterChain$TailFilter.messageReceived(DefaultIoFilterChain.java:743)
	at org.apache.mina.common.DefaultIoFilterChain.callNextMessageReceived(DefaultIoFilterChain.java:405)
	at org.apache.mina.common.DefaultIoFilterChain.access$1200(DefaultIoFilterChain.java:40)
	at org.apache.mina.common.DefaultIoFilterChain$EntryImpl$1.messageReceived(DefaultIoFilterChain.java:823)
	at org.apache.mina.common.IoFilterEvent.fire(IoFilterEvent.java:54)
	at org.apache.mina.common.IoEvent.run(IoEvent.java:62)
	at org.apache.mina.filter.executor.UnorderedThreadPoolExecutor$Worker.runTask(UnorderedThreadPoolExecutor.java:480)
	at org.apache.mina.filter.executor.UnorderedThreadPoolExecutor$Worker.run(UnorderedThreadPoolExecutor.java:435)
	at java.lang.Thread.run(Thread.java:680)
Caused by: java.lang.RuntimeException: Sahi Proxy server is not starting
	at com.thoughtworks.twist.driver.sahi.ProxyServer$DefaultProxyServer.waitForProxy(ProxyServer.java:80)
	at com.thoughtworks.twist.driver.sahi.ProxyServer$DefaultProxyServer.start(ProxyServer.java:51)
	at com.thoughtworks.twist.driver.sahi.DriverClient.startServer(DriverClient.java:39)
	at com.thoughtworks.twist.driver.sahi.DriverClient.start(DriverClient.java:32)
	at sun.reflect.NativeMethodAccessorImpl.invoke0(Native Method)
	at sun.reflect.NativeMethodAccessorImpl.invoke(NativeMethodAccessorImpl.java:39)
	at sun.reflect.DelegatingMethodAccessorImpl.invoke(DelegatingMethodAccessorImpl.java:25)
	at java.lang.reflect.Method.invoke(Method.java:597)
	at org.springframework.beans.factory.support.AbstractAutowireCapableBeanFactory.invokeCustomInitMethod(AbstractAutowireCapableBeanFactory.java:1581)
	at org.springframework.beans.factory.support.AbstractAutowireCapableBeanFactory.invokeInitMethods(AbstractAutowireCapableBeanFactory.java:1522)
	at org.springframework.beans.factory.support.AbstractAutowireCapableBeanFactory.initializeBean(AbstractAutowireCapableBeanFactory.java:1452)
	... 34 more
0    [pool-3-thread-1] ERROR com.thoughtworks.twist.remote  - Unable to write message com.thoughtworks.twist.messaging.event.HandleCommentEvent@4283df14[comment=,serviceClass=interface com.thoughtworks.twist.messaging.service.editor.EditorService,scenarioHash=0,sequence=0] to editor session. org.apache.mina.common.WriteToClosedSessionException
1    [pool-3-thread-1] ERROR com.thoughtworks.twist.remote  - Unable to write message com.thoughtworks.twist.messaging.event.LineExecutionStartEvent@4223d9b[lineContents=actualLineContent: Preconditions:Login as user "admin@example.com", visualLineContent: Preconditions:Login as user "admin@example.com",line=1,serviceClass=interface com.thoughtworks.twist.messaging.service.editor.EditorService,scenarioHash=190179750,sequence=4] to editor session. org.apache.mina.common.WriteToClosedSessionException
824  [pool-3-thread-1] ERROR com.thoughtworks.twist.remote  - Unable to write message com.thoughtworks.twist.messaging.event.ScenarioExecutionErrorEvent@68c884e[text=Execution of scenario '/Users/Raman/workspace/DontPanic/scenarios/Country.scn' failed,info=ErrorInfo: java.lang.RuntimeException: org.apache.mina.common.WriteToClosedSessionException at line 1,serviceClass=interface com.thoughtworks.twist.messaging.service.editor.EditorService,scenarioHash=190179750,sequence=5] to editor session. org.apache.mina.common.WriteToClosedSessionException
827  [pool-3-thread-1] ERROR com.thoughtworks.twist.remote  - Unable to write message com.thoughtworks.twist.messaging.event.ScenarioExecutionEndEvent@7e28ebb4[testName=/Users/Raman/workspace/DontPanic/scenarios/Country.scn,currentTimeMilliseconds=1347994465053,serviceClass=interface com.thoughtworks.twist.messaging.service.editor.EditorService,scenarioHash=190179750,sequence=6] to editor session. org.apache.mina.common.WriteToClosedSessionException
828  [pool-3-thread-1] ERROR com.thoughtworks.twist.remote  - Error while executing scenario Country.scn
java.lang.RuntimeException: org.apache.mina.common.WriteToClosedSessionException
	at com.thoughtworks.twist.messaging.RemoteSession.send(RemoteSession.java:95)
	at com.thoughtworks.twist.messaging.service.remote.EditorServiceProxy.send(EditorServiceProxy.java:196)
	at com.thoughtworks.twist.messaging.service.remote.EditorServiceProxy.scenarioEnd(EditorServiceProxy.java:85)
	at com.thoughtworks.twist.core.DecoratingTestListener.scenarioEnd(DecoratingTestListener.java:61)
	at com.thoughtworks.twist.core.Scenario.execute(Scenario.java:233)
	at com.thoughtworks.twist.core.execution.stage.ScenarioHybridExecutionStage.executeScenario(ScenarioHybridExecutionStage.java:39)
	at com.thoughtworks.twist.core.execution.stage.ScenarioHybridExecutionStage.execute(ScenarioHybridExecutionStage.java:26)
	at com.thoughtworks.twist.core.execution.stage.ScenarioContainerStartStage.execute(ScenarioContainerStartStage.java:28)
	at com.thoughtworks.twist.core.execution.stage.ScenarioHybridValidationStage.execute(ScenarioHybridValidationStage.java:28)
	at com.thoughtworks.twist.core.execution.stage.HybridScenarioExecutionPipeline.execute(HybridScenarioExecutionPipeline.java:23)
	at com.thoughtworks.twist.core.execution.stage.HybridCollectionExecutionStrategy.execute(HybridCollectionExecutionStrategy.java:39)
	at com.thoughtworks.twist.core.execution.stage.SuiteExecutionStage.execute(SuiteExecutionStage.java:29)
	at com.thoughtworks.twist.core.execution.stage.SuiteStartStage.execute(SuiteStartStage.java:38)
	at com.thoughtworks.twist.messaging.service.remote.DefaultRemoteProcessService.runHybridScenario(DefaultRemoteProcessService.java:228)
	at com.thoughtworks.twist.messaging.event.hybrid.HybridPlaybackAcknowledgement.execute(HybridPlaybackAcknowledgement.java:31)
	at com.thoughtworks.twist.messaging.event.hybrid.HybridPlaybackAcknowledgement.execute(HybridPlaybackAcknowledgement.java:1)
	at com.thoughtworks.twist.messaging.event.AbstractEvent.execute(AbstractEvent.java:30)
	at com.thoughtworks.twist.messaging.RemoteSession.messageReceived(RemoteSession.java:85)
	at org.apache.mina.common.DefaultIoFilterChain$TailFilter.messageReceived(DefaultIoFilterChain.java:743)
	at org.apache.mina.common.DefaultIoFilterChain.callNextMessageReceived(DefaultIoFilterChain.java:405)
	at org.apache.mina.common.DefaultIoFilterChain.access$1200(DefaultIoFilterChain.java:40)
	at org.apache.mina.common.DefaultIoFilterChain$EntryImpl$1.messageReceived(DefaultIoFilterChain.java:823)
	at org.apache.mina.common.IoFilterEvent.fire(IoFilterEvent.java:54)
	at org.apache.mina.common.IoEvent.run(IoEvent.java:62)
	at org.apache.mina.filter.executor.UnorderedThreadPoolExecutor$Worker.runTask(UnorderedThreadPoolExecutor.java:480)
	at org.apache.mina.filter.executor.UnorderedThreadPoolExecutor$Worker.run(UnorderedThreadPoolExecutor.java:435)
	at java.lang.Thread.run(Thread.java:680)
Caused by: org.apache.mina.common.WriteToClosedSessionException
	at org.apache.mina.common.AbstractIoSession.write(AbstractIoSession.java:280)
	at org.apache.mina.common.AbstractIoSession.write(AbstractIoSession.java:264)
	at com.thoughtworks.twist.messaging.RemoteSession.send(RemoteSession.java:92)
	... 26 more
832  [pool-3-thread-1] ERROR com.thoughtworks.twist.remote  - Unable to write message com.thoughtworks.twist.messaging.event.ErrorInExecutionEvent@1a18c28a[message=Could not execute scenario /Users/Raman/workspace/DontPanic/scenarios/Country.scn,errorInfo=ErrorInfo: com.thoughtworks.twist.core.execution.ExecutionFailedException: /Users/Raman/workspace/DontPanic/scenarios/Country.scn at line 1,serviceClass=interface com.thoughtworks.twist.messaging.service.editor.EditorService,scenarioHash=0,sequence=0] to editor session. org.apache.mina.common.WriteToClosedSessionException
833  [pool-3-thread-1] ERROR com.thoughtworks.twist.remote  - Unable to write message com.thoughtworks.twist.messaging.event.ExecutionEndEvent@260fa385[currentTimeMilliseconds=1347994465062,serviceClass=interface com.thoughtworks.twist.messaging.service.editor.EditorService,scenarioHash=0,sequence=0] to editor session. org.apache.mina.common.WriteToClosedSessionException
